<?xml version="1.0" encoding="UTF-8"?>
<!-- Generated by org.testng.reporters.JUnitXMLReporter -->
<testsuite ignored="0" hostname="infotrack115" failures="0" tests="9" name="ChromeBrowser_Test_Cases" time="112.212" errors="0" timestamp="24 Oct 2019 06:18:20 GMT">
  <testcase classname="com.test.automation.TestCases.Login_Page_Test_Cases" name="Login" time="0.81"/>
  <testcase classname="com.test.automation.TestCases.Login_Page_Test_Cases" name="Login" time="0.713"/>
  <testcase classname="com.test.automation.TestCases.Login_Page_Test_Cases" name="Login" time="0.599"/>
  <testcase classname="com.test.automation.TestCases.Login_Page_Test_Cases" name="Login" time="0.423"/>
  <testcase classname="com.test.automation.TestCases.Login_Page_Test_Cases" name="Login" time="0.562"/>
  <testcase classname="com.test.automation.TestCases.Login_Page_Test_Cases" name="Login" time="5.461"/>
  <testcase classname="com.test.automation.TestCases.Login_Page_Test_Cases" name="Login" time="5.38"/>
  <testcase classname="com.test.automation.TestCases.Login_Page_Test_Cases" name="Login" time="5.43"/>
  <testcase classname="com.test.automation.TestCases.Login_Page_Test_Cases" name="Login" time="0.48"/>
</testsuite> <!-- ChromeBrowser_Test_Cases -->
