<?xml version="1.0" encoding="UTF-8"?>
<!-- Generated by org.testng.reporters.JUnitXMLReporter -->
<testsuite ignored="0" hostname="infotrack115" failures="0" tests="9" name="ChromeBrowser_Test_Cases" time="119.935" errors="0" timestamp="22 Oct 2019 09:01:45 GMT">
  <testcase classname="com.test.automation.TestCases.Login_Page_Test_Cases" name="Login" time="0.965"/>
  <testcase classname="com.test.automation.TestCases.Login_Page_Test_Cases" name="Login" time="0.916"/>
  <testcase classname="com.test.automation.TestCases.Login_Page_Test_Cases" name="Login" time="0.683"/>
  <testcase classname="com.test.automation.TestCases.Login_Page_Test_Cases" name="Login" time="0.757"/>
  <testcase classname="com.test.automation.TestCases.Login_Page_Test_Cases" name="Login" time="0.412"/>
  <testcase classname="com.test.automation.TestCases.Login_Page_Test_Cases" name="Login" time="6.196"/>
  <testcase classname="com.test.automation.TestCases.Login_Page_Test_Cases" name="Login" time="6.509"/>
  <testcase classname="com.test.automation.TestCases.Login_Page_Test_Cases" name="Login" time="5.786"/>
  <testcase classname="com.test.automation.TestCases.Login_Page_Test_Cases" name="Login" time="0.517"/>
</testsuite> <!-- ChromeBrowser_Test_Cases -->
