<?xml version="1.0" encoding="UTF-8"?>
<!-- Generated by org.testng.reporters.JUnitXMLReporter -->
<testsuite ignored="0" hostname="infotrack115" failures="0" tests="3" name="ChromeBrowser" time="48.506" errors="0" timestamp="18 Oct 2019 13:02:36 GMT">
  <testcase classname="com.test.automation.TestCases.Login_Page_Test_Cases" name="Login_To_App" time="0.758"/>
  <testcase classname="com.test.automation.TestCases.Login_Page_Test_Cases" name="Login_To_App" time="5.35"/>
  <testcase classname="com.test.automation.TestCases.Login_Page_Test_Cases" name="Login_To_App" time="0.296"/>
</testsuite> <!-- ChromeBrowser -->
