<?xml version="1.0" encoding="UTF-8"?>
<!-- Generated by org.testng.reporters.JUnitXMLReporter -->
<testsuite ignored="0" hostname="infotrack115" failures="0" tests="9" name="Firefox_Test_Cases" time="183.267" errors="0" timestamp="22 Oct 2019 09:02:49 GMT">
  <testcase classname="com.test.automation.TestCases.Login_Page_Test_Cases" name="Login" time="0.739"/>
  <testcase classname="com.test.automation.TestCases.Login_Page_Test_Cases" name="Login" time="0.707"/>
  <testcase classname="com.test.automation.TestCases.Login_Page_Test_Cases" name="Login" time="0.461"/>
  <testcase classname="com.test.automation.TestCases.Login_Page_Test_Cases" name="Login" time="0.453"/>
  <testcase classname="com.test.automation.TestCases.Login_Page_Test_Cases" name="Login" time="0.519"/>
  <testcase classname="com.test.automation.TestCases.Login_Page_Test_Cases" name="Login" time="5.904"/>
  <testcase classname="com.test.automation.TestCases.Login_Page_Test_Cases" name="Login" time="6.27"/>
  <testcase classname="com.test.automation.TestCases.Login_Page_Test_Cases" name="Login" time="6.135"/>
  <testcase classname="com.test.automation.TestCases.Login_Page_Test_Cases" name="Login" time="0.217"/>
</testsuite> <!-- Firefox_Test_Cases -->
