<?xml version="1.0" encoding="UTF-8"?>
<!-- Generated by org.testng.reporters.JUnitXMLReporter -->
<testsuite ignored="0" hostname="infotrack115" failures="0" tests="9" name="Firefox_Test_Cases" time="164.953" errors="0" timestamp="24 Oct 2019 06:19:13 GMT">
  <testcase classname="com.test.automation.TestCases.Login_Page_Test_Cases" name="Login" time="0.652"/>
  <testcase classname="com.test.automation.TestCases.Login_Page_Test_Cases" name="Login" time="1.273"/>
  <testcase classname="com.test.automation.TestCases.Login_Page_Test_Cases" name="Login" time="0.433"/>
  <testcase classname="com.test.automation.TestCases.Login_Page_Test_Cases" name="Login" time="0.444"/>
  <testcase classname="com.test.automation.TestCases.Login_Page_Test_Cases" name="Login" time="0.425"/>
  <testcase classname="com.test.automation.TestCases.Login_Page_Test_Cases" name="Login" time="5.647"/>
  <testcase classname="com.test.automation.TestCases.Login_Page_Test_Cases" name="Login" time="5.448"/>
  <testcase classname="com.test.automation.TestCases.Login_Page_Test_Cases" name="Login" time="5.547"/>
  <testcase classname="com.test.automation.TestCases.Login_Page_Test_Cases" name="Login" time="0.264"/>
</testsuite> <!-- Firefox_Test_Cases -->
