<?xml version="1.0" encoding="UTF-8"?>
<testng-results ignored="0" total="18" passed="18" failed="0" skipped="0">
  <reporter-output>
  </reporter-output>
  <suite started-at="2019-10-25T05:55:12Z" name="Suite" finished-at="2019-10-25T05:58:09Z" duration-ms="176978">
    <groups>
    </groups>
    <test started-at="2019-10-25T05:55:12Z" name="ChromeBrowser_Test_Cases" finished-at="2019-10-25T05:57:24Z" duration-ms="131521">
      <class name="com.test.automation.TestCases.Login_Page_Test_Cases">
        <test-method is-config="true" signature="Extent_Report_Generation()[pri:0, instance:com.test.automation.TestCases.Login_Page_Test_Cases@3cc1435c]" started-at="2019-10-25T05:55:12Z" name="Extent_Report_Generation" finished-at="2019-10-25T05:55:12Z" duration-ms="150" status="PASS">
          <reporter-output>
          </reporter-output>
        </test-method> <!-- Extent_Report_Generation -->
        <test-method is-config="true" signature="login(java.lang.String)[pri:0, instance:com.test.automation.TestCases.Login_Page_Test_Cases@3cc1435c]" started-at="2019-10-25T05:55:14Z" name="login" finished-at="2019-10-25T05:55:34Z" duration-ms="20598" status="PASS">
          <params>
            <param index="0">
              <value>
                <![CDATA[Chrome]]>
              </value>
            </param>
          </params>
          <reporter-output>
          </reporter-output>
        </test-method> <!-- login -->
        <test-method signature="Login(java.lang.String, java.lang.String, java.lang.String, java.lang.String, java.lang.String)[pri:0, instance:com.test.automation.TestCases.Login_Page_Test_Cases@3cc1435c]" started-at="2019-10-25T05:55:34Z" name="Login" data-provider="get_Excel_Data" finished-at="2019-10-25T05:55:35Z" duration-ms="508" status="PASS">
          <params>
            <param index="0">
              <value>
                <![CDATA[B99]]>
              </value>
            </param>
            <param index="1">
              <value>
                <![CDATA[Admin]]>
              </value>
            </param>
            <param index="2">
              <value>
                <![CDATA[]]>
              </value>
            </param>
            <param index="3">
              <value>
                <![CDATA[]]>
              </value>
            </param>
            <param index="4">
              <value>
                <![CDATA[Please enter password]]>
              </value>
            </param>
          </params>
          <reporter-output>
          </reporter-output>
        </test-method> <!-- Login -->
        <test-method is-config="true" signature="tear_down()[pri:0, instance:com.test.automation.TestCases.Login_Page_Test_Cases@3cc1435c]" started-at="2019-10-25T05:55:35Z" name="tear_down" finished-at="2019-10-25T05:55:36Z" duration-ms="741" status="PASS">
          <reporter-output>
          </reporter-output>
        </test-method> <!-- tear_down -->
        <test-method is-config="true" signature="login(java.lang.String)[pri:0, instance:com.test.automation.TestCases.Login_Page_Test_Cases@3cc1435c]" started-at="2019-10-25T05:55:36Z" name="login" finished-at="2019-10-25T05:55:56Z" duration-ms="20323" status="PASS">
          <params>
            <param index="0">
              <value>
                <![CDATA[Chrome]]>
              </value>
            </param>
          </params>
          <reporter-output>
          </reporter-output>
        </test-method> <!-- login -->
        <test-method signature="Login(java.lang.String, java.lang.String, java.lang.String, java.lang.String, java.lang.String)[pri:0, instance:com.test.automation.TestCases.Login_Page_Test_Cases@3cc1435c]" started-at="2019-10-25T05:55:56Z" name="Login" data-provider="get_Excel_Data" finished-at="2019-10-25T05:55:57Z" duration-ms="628" status="PASS">
          <params>
            <param index="0">
              <value>
                <![CDATA[M17]]>
              </value>
            </param>
            <param index="1">
              <value>
                <![CDATA[Test]]>
              </value>
            </param>
            <param index="2">
              <value>
                <![CDATA[]]>
              </value>
            </param>
            <param index="3">
              <value>
                <![CDATA[]]>
              </value>
            </param>
            <param index="4">
              <value>
                <![CDATA[Please enter password]]>
              </value>
            </param>
          </params>
          <reporter-output>
          </reporter-output>
        </test-method> <!-- Login -->
        <test-method is-config="true" signature="tear_down()[pri:0, instance:com.test.automation.TestCases.Login_Page_Test_Cases@3cc1435c]" started-at="2019-10-25T05:55:57Z" name="tear_down" finished-at="2019-10-25T05:55:58Z" duration-ms="856" status="PASS">
          <reporter-output>
          </reporter-output>
        </test-method> <!-- tear_down -->
        <test-method is-config="true" signature="login(java.lang.String)[pri:0, instance:com.test.automation.TestCases.Login_Page_Test_Cases@3cc1435c]" started-at="2019-10-25T05:55:58Z" name="login" finished-at="2019-10-25T05:56:06Z" duration-ms="7528" status="PASS">
          <params>
            <param index="0">
              <value>
                <![CDATA[Chrome]]>
              </value>
            </param>
          </params>
          <reporter-output>
          </reporter-output>
        </test-method> <!-- login -->
        <test-method signature="Login(java.lang.String, java.lang.String, java.lang.String, java.lang.String, java.lang.String)[pri:0, instance:com.test.automation.TestCases.Login_Page_Test_Cases@3cc1435c]" started-at="2019-10-25T05:56:06Z" name="Login" data-provider="get_Excel_Data" finished-at="2019-10-25T05:56:07Z" duration-ms="766" status="PASS">
          <params>
            <param index="0">
              <value>
                <![CDATA[M18]]>
              </value>
            </param>
            <param index="1">
              <value>
                <![CDATA[]]>
              </value>
            </param>
            <param index="2">
              <value>
                <![CDATA[welcomeds]]>
              </value>
            </param>
            <param index="3">
              <value>
                <![CDATA[]]>
              </value>
            </param>
            <param index="4">
              <value>
                <![CDATA[Please enter UserId]]>
              </value>
            </param>
          </params>
          <reporter-output>
          </reporter-output>
        </test-method> <!-- Login -->
        <test-method is-config="true" signature="tear_down()[pri:0, instance:com.test.automation.TestCases.Login_Page_Test_Cases@3cc1435c]" started-at="2019-10-25T05:56:07Z" name="tear_down" finished-at="2019-10-25T05:56:08Z" duration-ms="1206" status="PASS">
          <reporter-output>
          </reporter-output>
        </test-method> <!-- tear_down -->
        <test-method is-config="true" signature="login(java.lang.String)[pri:0, instance:com.test.automation.TestCases.Login_Page_Test_Cases@3cc1435c]" started-at="2019-10-25T05:56:08Z" name="login" finished-at="2019-10-25T05:56:17Z" duration-ms="8661" status="PASS">
          <params>
            <param index="0">
              <value>
                <![CDATA[Chrome]]>
              </value>
            </param>
          </params>
          <reporter-output>
          </reporter-output>
        </test-method> <!-- login -->
        <test-method signature="Login(java.lang.String, java.lang.String, java.lang.String, java.lang.String, java.lang.String)[pri:0, instance:com.test.automation.TestCases.Login_Page_Test_Cases@3cc1435c]" started-at="2019-10-25T05:56:17Z" name="Login" data-provider="get_Excel_Data" finished-at="2019-10-25T05:56:18Z" duration-ms="526" status="PASS">
          <params>
            <param index="0">
              <value>
                <![CDATA[M07]]>
              </value>
            </param>
            <param index="1">
              <value>
                <![CDATA[]]>
              </value>
            </param>
            <param index="2">
              <value>
                <![CDATA[Test]]>
              </value>
            </param>
            <param index="3">
              <value>
                <![CDATA[]]>
              </value>
            </param>
            <param index="4">
              <value>
                <![CDATA[Please enter UserId]]>
              </value>
            </param>
          </params>
          <reporter-output>
          </reporter-output>
        </test-method> <!-- Login -->
        <test-method is-config="true" signature="tear_down()[pri:0, instance:com.test.automation.TestCases.Login_Page_Test_Cases@3cc1435c]" started-at="2019-10-25T05:56:18Z" name="tear_down" finished-at="2019-10-25T05:56:19Z" duration-ms="661" status="PASS">
          <reporter-output>
          </reporter-output>
        </test-method> <!-- tear_down -->
        <test-method is-config="true" signature="login(java.lang.String)[pri:0, instance:com.test.automation.TestCases.Login_Page_Test_Cases@3cc1435c]" started-at="2019-10-25T05:56:19Z" name="login" finished-at="2019-10-25T05:56:27Z" duration-ms="8596" status="PASS">
          <params>
            <param index="0">
              <value>
                <![CDATA[Chrome]]>
              </value>
            </param>
          </params>
          <reporter-output>
          </reporter-output>
        </test-method> <!-- login -->
        <test-method signature="Login(java.lang.String, java.lang.String, java.lang.String, java.lang.String, java.lang.String)[pri:0, instance:com.test.automation.TestCases.Login_Page_Test_Cases@3cc1435c]" started-at="2019-10-25T05:56:27Z" name="Login" data-provider="get_Excel_Data" finished-at="2019-10-25T05:56:28Z" duration-ms="427" status="PASS">
          <params>
            <param index="0">
              <value>
                <![CDATA[M08]]>
              </value>
            </param>
            <param index="1">
              <value>
                <![CDATA[]]>
              </value>
            </param>
            <param index="2">
              <value>
                <![CDATA[]]>
              </value>
            </param>
            <param index="3">
              <value>
                <![CDATA[]]>
              </value>
            </param>
            <param index="4">
              <value>
                <![CDATA[Please enter UserId]]>
              </value>
            </param>
          </params>
          <reporter-output>
          </reporter-output>
        </test-method> <!-- Login -->
        <test-method is-config="true" signature="tear_down()[pri:0, instance:com.test.automation.TestCases.Login_Page_Test_Cases@3cc1435c]" started-at="2019-10-25T05:56:28Z" name="tear_down" finished-at="2019-10-25T05:56:29Z" duration-ms="662" status="PASS">
          <reporter-output>
          </reporter-output>
        </test-method> <!-- tear_down -->
        <test-method is-config="true" signature="login(java.lang.String)[pri:0, instance:com.test.automation.TestCases.Login_Page_Test_Cases@3cc1435c]" started-at="2019-10-25T05:56:29Z" name="login" finished-at="2019-10-25T05:56:36Z" duration-ms="7758" status="PASS">
          <params>
            <param index="0">
              <value>
                <![CDATA[Chrome]]>
              </value>
            </param>
          </params>
          <reporter-output>
          </reporter-output>
        </test-method> <!-- login -->
        <test-method signature="Login(java.lang.String, java.lang.String, java.lang.String, java.lang.String, java.lang.String)[pri:0, instance:com.test.automation.TestCases.Login_Page_Test_Cases@3cc1435c]" started-at="2019-10-25T05:56:36Z" name="Login" data-provider="get_Excel_Data" finished-at="2019-10-25T05:56:42Z" duration-ms="5676" status="PASS">
          <params>
            <param index="0">
              <value>
                <![CDATA[B12]]>
              </value>
            </param>
            <param index="1">
              <value>
                <![CDATA[Admin]]>
              </value>
            </param>
            <param index="2">
              <value>
                <![CDATA[Test]]>
              </value>
            </param>
            <param index="3">
              <value>
                <![CDATA[//div[@class='warning']]]>
              </value>
            </param>
            <param index="4">
              <value>
                <![CDATA[Invalid password]]>
              </value>
            </param>
          </params>
          <reporter-output>
          </reporter-output>
        </test-method> <!-- Login -->
        <test-method is-config="true" signature="tear_down()[pri:0, instance:com.test.automation.TestCases.Login_Page_Test_Cases@3cc1435c]" started-at="2019-10-25T05:56:42Z" name="tear_down" finished-at="2019-10-25T05:56:43Z" duration-ms="671" status="PASS">
          <reporter-output>
          </reporter-output>
        </test-method> <!-- tear_down -->
        <test-method is-config="true" signature="login(java.lang.String)[pri:0, instance:com.test.automation.TestCases.Login_Page_Test_Cases@3cc1435c]" started-at="2019-10-25T05:56:43Z" name="login" finished-at="2019-10-25T05:56:52Z" duration-ms="8958" status="PASS">
          <params>
            <param index="0">
              <value>
                <![CDATA[Chrome]]>
              </value>
            </param>
          </params>
          <reporter-output>
          </reporter-output>
        </test-method> <!-- login -->
        <test-method signature="Login(java.lang.String, java.lang.String, java.lang.String, java.lang.String, java.lang.String)[pri:0, instance:com.test.automation.TestCases.Login_Page_Test_Cases@3cc1435c]" started-at="2019-10-25T05:56:52Z" name="Login" data-provider="get_Excel_Data" finished-at="2019-10-25T05:56:58Z" duration-ms="5575" status="PASS">
          <params>
            <param index="0">
              <value>
                <![CDATA[z12]]>
              </value>
            </param>
            <param index="1">
              <value>
                <![CDATA[Test]]>
              </value>
            </param>
            <param index="2">
              <value>
                <![CDATA[welcomeds]]>
              </value>
            </param>
            <param index="3">
              <value>
                <![CDATA[//div[@class='warning']]]>
              </value>
            </param>
            <param index="4">
              <value>
                <![CDATA[User Invalid]]>
              </value>
            </param>
          </params>
          <reporter-output>
          </reporter-output>
        </test-method> <!-- Login -->
        <test-method is-config="true" signature="tear_down()[pri:0, instance:com.test.automation.TestCases.Login_Page_Test_Cases@3cc1435c]" started-at="2019-10-25T05:56:58Z" name="tear_down" finished-at="2019-10-25T05:56:59Z" duration-ms="655" status="PASS">
          <reporter-output>
          </reporter-output>
        </test-method> <!-- tear_down -->
        <test-method is-config="true" signature="login(java.lang.String)[pri:0, instance:com.test.automation.TestCases.Login_Page_Test_Cases@3cc1435c]" started-at="2019-10-25T05:56:59Z" name="login" finished-at="2019-10-25T05:57:07Z" duration-ms="8089" status="PASS">
          <params>
            <param index="0">
              <value>
                <![CDATA[Chrome]]>
              </value>
            </param>
          </params>
          <reporter-output>
          </reporter-output>
        </test-method> <!-- login -->
        <test-method signature="Login(java.lang.String, java.lang.String, java.lang.String, java.lang.String, java.lang.String)[pri:0, instance:com.test.automation.TestCases.Login_Page_Test_Cases@3cc1435c]" started-at="2019-10-25T05:57:07Z" name="Login" data-provider="get_Excel_Data" finished-at="2019-10-25T05:57:12Z" duration-ms="5683" status="PASS">
          <params>
            <param index="0">
              <value>
                <![CDATA[X01]]>
              </value>
            </param>
            <param index="1">
              <value>
                <![CDATA[Test]]>
              </value>
            </param>
            <param index="2">
              <value>
                <![CDATA[Testing]]>
              </value>
            </param>
            <param index="3">
              <value>
                <![CDATA[//div[@class='warning']]]>
              </value>
            </param>
            <param index="4">
              <value>
                <![CDATA[User Invalid]]>
              </value>
            </param>
          </params>
          <reporter-output>
          </reporter-output>
        </test-method> <!-- Login -->
        <test-method is-config="true" signature="tear_down()[pri:0, instance:com.test.automation.TestCases.Login_Page_Test_Cases@3cc1435c]" started-at="2019-10-25T05:57:13Z" name="tear_down" finished-at="2019-10-25T05:57:14Z" duration-ms="799" status="PASS">
          <reporter-output>
          </reporter-output>
        </test-method> <!-- tear_down -->
        <test-method is-config="true" signature="login(java.lang.String)[pri:0, instance:com.test.automation.TestCases.Login_Page_Test_Cases@3cc1435c]" started-at="2019-10-25T05:57:14Z" name="login" finished-at="2019-10-25T05:57:22Z" duration-ms="8130" status="PASS">
          <params>
            <param index="0">
              <value>
                <![CDATA[Chrome]]>
              </value>
            </param>
          </params>
          <reporter-output>
          </reporter-output>
        </test-method> <!-- login -->
        <test-method signature="Login(java.lang.String, java.lang.String, java.lang.String, java.lang.String, java.lang.String)[pri:0, instance:com.test.automation.TestCases.Login_Page_Test_Cases@3cc1435c]" started-at="2019-10-25T05:57:22Z" name="Login" data-provider="get_Excel_Data" finished-at="2019-10-25T05:57:22Z" duration-ms="414" status="PASS">
          <params>
            <param index="0">
              <value>
                <![CDATA[Select]]>
              </value>
            </param>
            <param index="1">
              <value>
                <![CDATA[]]>
              </value>
            </param>
            <param index="2">
              <value>
                <![CDATA[]]>
              </value>
            </param>
            <param index="3">
              <value>
                <![CDATA[]]>
              </value>
            </param>
            <param index="4">
              <value>
                <![CDATA[Please select a Shift!]]>
              </value>
            </param>
          </params>
          <reporter-output>
          </reporter-output>
        </test-method> <!-- Login -->
        <test-method is-config="true" signature="tear_down()[pri:0, instance:com.test.automation.TestCases.Login_Page_Test_Cases@3cc1435c]" started-at="2019-10-25T05:57:23Z" name="tear_down" finished-at="2019-10-25T05:57:23Z" duration-ms="638" status="PASS">
          <reporter-output>
          </reporter-output>
        </test-method> <!-- tear_down -->
        <test-method is-config="true" signature="report_flush()[pri:0, instance:com.test.automation.TestCases.Login_Page_Test_Cases@3cc1435c]" started-at="2019-10-25T05:57:23Z" name="report_flush" finished-at="2019-10-25T05:57:24Z" duration-ms="527" status="PASS">
          <reporter-output>
          </reporter-output>
        </test-method> <!-- report_flush -->
      </class> <!-- com.test.automation.TestCases.Login_Page_Test_Cases -->
    </test> <!-- ChromeBrowser_Test_Cases -->
    <test started-at="2019-10-25T05:55:12Z" name="Firefox_Test_Cases" finished-at="2019-10-25T05:58:09Z" duration-ms="176977">
      <class name="com.test.automation.TestCases.Login_Page_Test_Cases">
        <test-method is-config="true" signature="Extent_Report_Generation()[pri:0, instance:com.test.automation.TestCases.Login_Page_Test_Cases@40cb8df7]" started-at="2019-10-25T05:55:12Z" name="Extent_Report_Generation" finished-at="2019-10-25T05:55:13Z" duration-ms="518" status="PASS">
          <reporter-output>
          </reporter-output>
        </test-method> <!-- Extent_Report_Generation -->
        <test-method is-config="true" signature="login(java.lang.String)[pri:0, instance:com.test.automation.TestCases.Login_Page_Test_Cases@40cb8df7]" started-at="2019-10-25T05:55:14Z" name="login" finished-at="2019-10-25T05:55:43Z" duration-ms="29295" status="PASS">
          <params>
            <param index="0">
              <value>
                <![CDATA[Firefox]]>
              </value>
            </param>
          </params>
          <reporter-output>
          </reporter-output>
        </test-method> <!-- login -->
        <test-method signature="Login(java.lang.String, java.lang.String, java.lang.String, java.lang.String, java.lang.String)[pri:0, instance:com.test.automation.TestCases.Login_Page_Test_Cases@40cb8df7]" started-at="2019-10-25T05:55:43Z" name="Login" data-provider="get_Excel_Data" finished-at="2019-10-25T05:55:44Z" duration-ms="752" status="PASS">
          <params>
            <param index="0">
              <value>
                <![CDATA[B99]]>
              </value>
            </param>
            <param index="1">
              <value>
                <![CDATA[Admin]]>
              </value>
            </param>
            <param index="2">
              <value>
                <![CDATA[]]>
              </value>
            </param>
            <param index="3">
              <value>
                <![CDATA[]]>
              </value>
            </param>
            <param index="4">
              <value>
                <![CDATA[Please enter password]]>
              </value>
            </param>
          </params>
          <reporter-output>
          </reporter-output>
        </test-method> <!-- Login -->
        <test-method is-config="true" signature="tear_down()[pri:0, instance:com.test.automation.TestCases.Login_Page_Test_Cases@40cb8df7]" started-at="2019-10-25T05:55:44Z" name="tear_down" finished-at="2019-10-25T05:55:45Z" duration-ms="1337" status="PASS">
          <reporter-output>
          </reporter-output>
        </test-method> <!-- tear_down -->
        <test-method is-config="true" signature="login(java.lang.String)[pri:0, instance:com.test.automation.TestCases.Login_Page_Test_Cases@40cb8df7]" started-at="2019-10-25T05:55:45Z" name="login" finished-at="2019-10-25T05:56:03Z" duration-ms="18164" status="PASS">
          <params>
            <param index="0">
              <value>
                <![CDATA[Firefox]]>
              </value>
            </param>
          </params>
          <reporter-output>
          </reporter-output>
        </test-method> <!-- login -->
        <test-method signature="Login(java.lang.String, java.lang.String, java.lang.String, java.lang.String, java.lang.String)[pri:0, instance:com.test.automation.TestCases.Login_Page_Test_Cases@40cb8df7]" started-at="2019-10-25T05:56:03Z" name="Login" data-provider="get_Excel_Data" finished-at="2019-10-25T05:56:04Z" duration-ms="640" status="PASS">
          <params>
            <param index="0">
              <value>
                <![CDATA[M17]]>
              </value>
            </param>
            <param index="1">
              <value>
                <![CDATA[Test]]>
              </value>
            </param>
            <param index="2">
              <value>
                <![CDATA[]]>
              </value>
            </param>
            <param index="3">
              <value>
                <![CDATA[]]>
              </value>
            </param>
            <param index="4">
              <value>
                <![CDATA[Please enter password]]>
              </value>
            </param>
          </params>
          <reporter-output>
          </reporter-output>
        </test-method> <!-- Login -->
        <test-method is-config="true" signature="tear_down()[pri:0, instance:com.test.automation.TestCases.Login_Page_Test_Cases@40cb8df7]" started-at="2019-10-25T05:56:04Z" name="tear_down" finished-at="2019-10-25T05:56:06Z" duration-ms="1463" status="PASS">
          <reporter-output>
          </reporter-output>
        </test-method> <!-- tear_down -->
        <test-method is-config="true" signature="login(java.lang.String)[pri:0, instance:com.test.automation.TestCases.Login_Page_Test_Cases@40cb8df7]" started-at="2019-10-25T05:56:06Z" name="login" finished-at="2019-10-25T05:56:20Z" duration-ms="14216" status="PASS">
          <params>
            <param index="0">
              <value>
                <![CDATA[Firefox]]>
              </value>
            </param>
          </params>
          <reporter-output>
          </reporter-output>
        </test-method> <!-- login -->
        <test-method signature="Login(java.lang.String, java.lang.String, java.lang.String, java.lang.String, java.lang.String)[pri:0, instance:com.test.automation.TestCases.Login_Page_Test_Cases@40cb8df7]" started-at="2019-10-25T05:56:20Z" name="Login" data-provider="get_Excel_Data" finished-at="2019-10-25T05:56:20Z" duration-ms="545" status="PASS">
          <params>
            <param index="0">
              <value>
                <![CDATA[M18]]>
              </value>
            </param>
            <param index="1">
              <value>
                <![CDATA[]]>
              </value>
            </param>
            <param index="2">
              <value>
                <![CDATA[welcomeds]]>
              </value>
            </param>
            <param index="3">
              <value>
                <![CDATA[]]>
              </value>
            </param>
            <param index="4">
              <value>
                <![CDATA[Please enter UserId]]>
              </value>
            </param>
          </params>
          <reporter-output>
          </reporter-output>
        </test-method> <!-- Login -->
        <test-method is-config="true" signature="tear_down()[pri:0, instance:com.test.automation.TestCases.Login_Page_Test_Cases@40cb8df7]" started-at="2019-10-25T05:56:21Z" name="tear_down" finished-at="2019-10-25T05:56:22Z" duration-ms="1594" status="PASS">
          <reporter-output>
          </reporter-output>
        </test-method> <!-- tear_down -->
        <test-method is-config="true" signature="login(java.lang.String)[pri:0, instance:com.test.automation.TestCases.Login_Page_Test_Cases@40cb8df7]" started-at="2019-10-25T05:56:22Z" name="login" finished-at="2019-10-25T05:56:35Z" duration-ms="13265" status="PASS">
          <params>
            <param index="0">
              <value>
                <![CDATA[Firefox]]>
              </value>
            </param>
          </params>
          <reporter-output>
          </reporter-output>
        </test-method> <!-- login -->
        <test-method signature="Login(java.lang.String, java.lang.String, java.lang.String, java.lang.String, java.lang.String)[pri:0, instance:com.test.automation.TestCases.Login_Page_Test_Cases@40cb8df7]" started-at="2019-10-25T05:56:35Z" name="Login" data-provider="get_Excel_Data" finished-at="2019-10-25T05:56:36Z" duration-ms="449" status="PASS">
          <params>
            <param index="0">
              <value>
                <![CDATA[M07]]>
              </value>
            </param>
            <param index="1">
              <value>
                <![CDATA[]]>
              </value>
            </param>
            <param index="2">
              <value>
                <![CDATA[Test]]>
              </value>
            </param>
            <param index="3">
              <value>
                <![CDATA[]]>
              </value>
            </param>
            <param index="4">
              <value>
                <![CDATA[Please enter UserId]]>
              </value>
            </param>
          </params>
          <reporter-output>
          </reporter-output>
        </test-method> <!-- Login -->
        <test-method is-config="true" signature="tear_down()[pri:0, instance:com.test.automation.TestCases.Login_Page_Test_Cases@40cb8df7]" started-at="2019-10-25T05:56:36Z" name="tear_down" finished-at="2019-10-25T05:56:38Z" duration-ms="1517" status="PASS">
          <reporter-output>
          </reporter-output>
        </test-method> <!-- tear_down -->
        <test-method is-config="true" signature="login(java.lang.String)[pri:0, instance:com.test.automation.TestCases.Login_Page_Test_Cases@40cb8df7]" started-at="2019-10-25T05:56:38Z" name="login" finished-at="2019-10-25T05:56:50Z" duration-ms="12454" status="PASS">
          <params>
            <param index="0">
              <value>
                <![CDATA[Firefox]]>
              </value>
            </param>
          </params>
          <reporter-output>
          </reporter-output>
        </test-method> <!-- login -->
        <test-method signature="Login(java.lang.String, java.lang.String, java.lang.String, java.lang.String, java.lang.String)[pri:0, instance:com.test.automation.TestCases.Login_Page_Test_Cases@40cb8df7]" started-at="2019-10-25T05:56:50Z" name="Login" data-provider="get_Excel_Data" finished-at="2019-10-25T05:56:51Z" duration-ms="569" status="PASS">
          <params>
            <param index="0">
              <value>
                <![CDATA[M08]]>
              </value>
            </param>
            <param index="1">
              <value>
                <![CDATA[]]>
              </value>
            </param>
            <param index="2">
              <value>
                <![CDATA[]]>
              </value>
            </param>
            <param index="3">
              <value>
                <![CDATA[]]>
              </value>
            </param>
            <param index="4">
              <value>
                <![CDATA[Please enter UserId]]>
              </value>
            </param>
          </params>
          <reporter-output>
          </reporter-output>
        </test-method> <!-- Login -->
        <test-method is-config="true" signature="tear_down()[pri:0, instance:com.test.automation.TestCases.Login_Page_Test_Cases@40cb8df7]" started-at="2019-10-25T05:56:51Z" name="tear_down" finished-at="2019-10-25T05:56:53Z" duration-ms="1998" status="PASS">
          <reporter-output>
          </reporter-output>
        </test-method> <!-- tear_down -->
        <test-method is-config="true" signature="login(java.lang.String)[pri:0, instance:com.test.automation.TestCases.Login_Page_Test_Cases@40cb8df7]" started-at="2019-10-25T05:56:53Z" name="login" finished-at="2019-10-25T05:57:06Z" duration-ms="12834" status="PASS">
          <params>
            <param index="0">
              <value>
                <![CDATA[Firefox]]>
              </value>
            </param>
          </params>
          <reporter-output>
          </reporter-output>
        </test-method> <!-- login -->
        <test-method signature="Login(java.lang.String, java.lang.String, java.lang.String, java.lang.String, java.lang.String)[pri:0, instance:com.test.automation.TestCases.Login_Page_Test_Cases@40cb8df7]" started-at="2019-10-25T05:57:06Z" name="Login" data-provider="get_Excel_Data" finished-at="2019-10-25T05:57:12Z" duration-ms="6514" status="PASS">
          <params>
            <param index="0">
              <value>
                <![CDATA[B12]]>
              </value>
            </param>
            <param index="1">
              <value>
                <![CDATA[Admin]]>
              </value>
            </param>
            <param index="2">
              <value>
                <![CDATA[Test]]>
              </value>
            </param>
            <param index="3">
              <value>
                <![CDATA[//div[@class='warning']]]>
              </value>
            </param>
            <param index="4">
              <value>
                <![CDATA[Invalid password]]>
              </value>
            </param>
          </params>
          <reporter-output>
          </reporter-output>
        </test-method> <!-- Login -->
        <test-method is-config="true" signature="tear_down()[pri:0, instance:com.test.automation.TestCases.Login_Page_Test_Cases@40cb8df7]" started-at="2019-10-25T05:57:12Z" name="tear_down" finished-at="2019-10-25T05:57:13Z" duration-ms="1298" status="PASS">
          <reporter-output>
          </reporter-output>
        </test-method> <!-- tear_down -->
        <test-method is-config="true" signature="login(java.lang.String)[pri:0, instance:com.test.automation.TestCases.Login_Page_Test_Cases@40cb8df7]" started-at="2019-10-25T05:57:13Z" name="login" finished-at="2019-10-25T05:57:27Z" duration-ms="13987" status="PASS">
          <params>
            <param index="0">
              <value>
                <![CDATA[Firefox]]>
              </value>
            </param>
          </params>
          <reporter-output>
          </reporter-output>
        </test-method> <!-- login -->
        <test-method signature="Login(java.lang.String, java.lang.String, java.lang.String, java.lang.String, java.lang.String)[pri:0, instance:com.test.automation.TestCases.Login_Page_Test_Cases@40cb8df7]" started-at="2019-10-25T05:57:27Z" name="Login" data-provider="get_Excel_Data" finished-at="2019-10-25T05:57:33Z" duration-ms="5480" status="PASS">
          <params>
            <param index="0">
              <value>
                <![CDATA[z12]]>
              </value>
            </param>
            <param index="1">
              <value>
                <![CDATA[Test]]>
              </value>
            </param>
            <param index="2">
              <value>
                <![CDATA[welcomeds]]>
              </value>
            </param>
            <param index="3">
              <value>
                <![CDATA[//div[@class='warning']]]>
              </value>
            </param>
            <param index="4">
              <value>
                <![CDATA[User Invalid]]>
              </value>
            </param>
          </params>
          <reporter-output>
          </reporter-output>
        </test-method> <!-- Login -->
        <test-method is-config="true" signature="tear_down()[pri:0, instance:com.test.automation.TestCases.Login_Page_Test_Cases@40cb8df7]" started-at="2019-10-25T05:57:33Z" name="tear_down" finished-at="2019-10-25T05:57:34Z" duration-ms="1330" status="PASS">
          <reporter-output>
          </reporter-output>
        </test-method> <!-- tear_down -->
        <test-method is-config="true" signature="login(java.lang.String)[pri:0, instance:com.test.automation.TestCases.Login_Page_Test_Cases@40cb8df7]" started-at="2019-10-25T05:57:34Z" name="login" finished-at="2019-10-25T05:57:47Z" duration-ms="13085" status="PASS">
          <params>
            <param index="0">
              <value>
                <![CDATA[Firefox]]>
              </value>
            </param>
          </params>
          <reporter-output>
          </reporter-output>
        </test-method> <!-- login -->
        <test-method signature="Login(java.lang.String, java.lang.String, java.lang.String, java.lang.String, java.lang.String)[pri:0, instance:com.test.automation.TestCases.Login_Page_Test_Cases@40cb8df7]" started-at="2019-10-25T05:57:47Z" name="Login" data-provider="get_Excel_Data" finished-at="2019-10-25T05:57:53Z" duration-ms="5538" status="PASS">
          <params>
            <param index="0">
              <value>
                <![CDATA[X01]]>
              </value>
            </param>
            <param index="1">
              <value>
                <![CDATA[Test]]>
              </value>
            </param>
            <param index="2">
              <value>
                <![CDATA[Testing]]>
              </value>
            </param>
            <param index="3">
              <value>
                <![CDATA[//div[@class='warning']]]>
              </value>
            </param>
            <param index="4">
              <value>
                <![CDATA[User Invalid]]>
              </value>
            </param>
          </params>
          <reporter-output>
          </reporter-output>
        </test-method> <!-- Login -->
        <test-method is-config="true" signature="tear_down()[pri:0, instance:com.test.automation.TestCases.Login_Page_Test_Cases@40cb8df7]" started-at="2019-10-25T05:57:53Z" name="tear_down" finished-at="2019-10-25T05:57:54Z" duration-ms="1217" status="PASS">
          <reporter-output>
          </reporter-output>
        </test-method> <!-- tear_down -->
        <test-method is-config="true" signature="login(java.lang.String)[pri:0, instance:com.test.automation.TestCases.Login_Page_Test_Cases@40cb8df7]" started-at="2019-10-25T05:57:54Z" name="login" finished-at="2019-10-25T05:58:07Z" duration-ms="13254" status="PASS">
          <params>
            <param index="0">
              <value>
                <![CDATA[Firefox]]>
              </value>
            </param>
          </params>
          <reporter-output>
          </reporter-output>
        </test-method> <!-- login -->
        <test-method signature="Login(java.lang.String, java.lang.String, java.lang.String, java.lang.String, java.lang.String)[pri:0, instance:com.test.automation.TestCases.Login_Page_Test_Cases@40cb8df7]" started-at="2019-10-25T05:58:07Z" name="Login" data-provider="get_Excel_Data" finished-at="2019-10-25T05:58:08Z" duration-ms="207" status="PASS">
          <params>
            <param index="0">
              <value>
                <![CDATA[Select]]>
              </value>
            </param>
            <param index="1">
              <value>
                <![CDATA[]]>
              </value>
            </param>
            <param index="2">
              <value>
                <![CDATA[]]>
              </value>
            </param>
            <param index="3">
              <value>
                <![CDATA[]]>
              </value>
            </param>
            <param index="4">
              <value>
                <![CDATA[Please select a Shift!]]>
              </value>
            </param>
          </params>
          <reporter-output>
          </reporter-output>
        </test-method> <!-- Login -->
        <test-method is-config="true" signature="tear_down()[pri:0, instance:com.test.automation.TestCases.Login_Page_Test_Cases@40cb8df7]" started-at="2019-10-25T05:58:08Z" name="tear_down" finished-at="2019-10-25T05:58:09Z" duration-ms="1217" status="PASS">
          <reporter-output>
          </reporter-output>
        </test-method> <!-- tear_down -->
        <test-method is-config="true" signature="report_flush()[pri:0, instance:com.test.automation.TestCases.Login_Page_Test_Cases@40cb8df7]" started-at="2019-10-25T05:58:09Z" name="report_flush" finished-at="2019-10-25T05:58:09Z" duration-ms="155" status="PASS">
          <reporter-output>
          </reporter-output>
        </test-method> <!-- report_flush -->
      </class> <!-- com.test.automation.TestCases.Login_Page_Test_Cases -->
    </test> <!-- Firefox_Test_Cases -->
  </suite> <!-- Suite -->
</testng-results>
