<?xml version="1.0" encoding="UTF-8"?>
<testng-results ignored="0" total="18" passed="18" failed="0" skipped="0">
  <reporter-output>
  </reporter-output>
  <suite started-at="2019-10-24T06:16:28Z" name="Suite" finished-at="2019-10-24T06:19:13Z" duration-ms="164966">
    <groups>
    </groups>
    <test started-at="2019-10-24T06:16:28Z" name="ChromeBrowser_Test_Cases" finished-at="2019-10-24T06:18:20Z" duration-ms="112212">
      <class name="com.test.automation.TestCases.Login_Page_Test_Cases">
        <test-method is-config="true" signature="Extent_Report_Generation()[pri:0, instance:com.test.automation.TestCases.Login_Page_Test_Cases@236e3f4e]" started-at="2019-10-24T06:16:28Z" name="Extent_Report_Generation" finished-at="2019-10-24T06:16:28Z" duration-ms="394" status="PASS">
          <reporter-output>
          </reporter-output>
        </test-method> <!-- Extent_Report_Generation -->
        <test-method is-config="true" signature="login(java.lang.String)[pri:0, instance:com.test.automation.TestCases.Login_Page_Test_Cases@236e3f4e]" started-at="2019-10-24T06:16:29Z" name="login" finished-at="2019-10-24T06:16:39Z" duration-ms="10362" status="PASS">
          <params>
            <param index="0">
              <value>
                <![CDATA[Chrome]]>
              </value>
            </param>
          </params>
          <reporter-output>
          </reporter-output>
        </test-method> <!-- login -->
        <test-method signature="Login(java.lang.String, java.lang.String, java.lang.String, java.lang.String, java.lang.String)[pri:0, instance:com.test.automation.TestCases.Login_Page_Test_Cases@236e3f4e]" started-at="2019-10-24T06:16:39Z" name="Login" data-provider="get_Excel_Data" finished-at="2019-10-24T06:16:40Z" duration-ms="810" status="PASS">
          <params>
            <param index="0">
              <value>
                <![CDATA[B99]]>
              </value>
            </param>
            <param index="1">
              <value>
                <![CDATA[Admin]]>
              </value>
            </param>
            <param index="2">
              <value>
                <![CDATA[]]>
              </value>
            </param>
            <param index="3">
              <value>
                <![CDATA[]]>
              </value>
            </param>
            <param index="4">
              <value>
                <![CDATA[Please enter password]]>
              </value>
            </param>
          </params>
          <reporter-output>
          </reporter-output>
        </test-method> <!-- Login -->
        <test-method is-config="true" signature="tear_down()[pri:0, instance:com.test.automation.TestCases.Login_Page_Test_Cases@236e3f4e]" started-at="2019-10-24T06:16:41Z" name="tear_down" finished-at="2019-10-24T06:16:41Z" duration-ms="698" status="PASS">
          <reporter-output>
          </reporter-output>
        </test-method> <!-- tear_down -->
        <test-method is-config="true" signature="login(java.lang.String)[pri:0, instance:com.test.automation.TestCases.Login_Page_Test_Cases@236e3f4e]" started-at="2019-10-24T06:16:41Z" name="login" finished-at="2019-10-24T06:16:49Z" duration-ms="7821" status="PASS">
          <params>
            <param index="0">
              <value>
                <![CDATA[Chrome]]>
              </value>
            </param>
          </params>
          <reporter-output>
          </reporter-output>
        </test-method> <!-- login -->
        <test-method signature="Login(java.lang.String, java.lang.String, java.lang.String, java.lang.String, java.lang.String)[pri:0, instance:com.test.automation.TestCases.Login_Page_Test_Cases@236e3f4e]" started-at="2019-10-24T06:16:49Z" name="Login" data-provider="get_Excel_Data" finished-at="2019-10-24T06:16:50Z" duration-ms="713" status="PASS">
          <params>
            <param index="0">
              <value>
                <![CDATA[M17]]>
              </value>
            </param>
            <param index="1">
              <value>
                <![CDATA[Test]]>
              </value>
            </param>
            <param index="2">
              <value>
                <![CDATA[]]>
              </value>
            </param>
            <param index="3">
              <value>
                <![CDATA[]]>
              </value>
            </param>
            <param index="4">
              <value>
                <![CDATA[Please enter password]]>
              </value>
            </param>
          </params>
          <reporter-output>
          </reporter-output>
        </test-method> <!-- Login -->
        <test-method is-config="true" signature="tear_down()[pri:0, instance:com.test.automation.TestCases.Login_Page_Test_Cases@236e3f4e]" started-at="2019-10-24T06:16:50Z" name="tear_down" finished-at="2019-10-24T06:16:51Z" duration-ms="803" status="PASS">
          <reporter-output>
          </reporter-output>
        </test-method> <!-- tear_down -->
        <test-method is-config="true" signature="login(java.lang.String)[pri:0, instance:com.test.automation.TestCases.Login_Page_Test_Cases@236e3f4e]" started-at="2019-10-24T06:16:51Z" name="login" finished-at="2019-10-24T06:17:00Z" duration-ms="9253" status="PASS">
          <params>
            <param index="0">
              <value>
                <![CDATA[Chrome]]>
              </value>
            </param>
          </params>
          <reporter-output>
          </reporter-output>
        </test-method> <!-- login -->
        <test-method signature="Login(java.lang.String, java.lang.String, java.lang.String, java.lang.String, java.lang.String)[pri:0, instance:com.test.automation.TestCases.Login_Page_Test_Cases@236e3f4e]" started-at="2019-10-24T06:17:00Z" name="Login" data-provider="get_Excel_Data" finished-at="2019-10-24T06:17:01Z" duration-ms="599" status="PASS">
          <params>
            <param index="0">
              <value>
                <![CDATA[M18]]>
              </value>
            </param>
            <param index="1">
              <value>
                <![CDATA[]]>
              </value>
            </param>
            <param index="2">
              <value>
                <![CDATA[welcomeds]]>
              </value>
            </param>
            <param index="3">
              <value>
                <![CDATA[]]>
              </value>
            </param>
            <param index="4">
              <value>
                <![CDATA[Please enter UserId]]>
              </value>
            </param>
          </params>
          <reporter-output>
          </reporter-output>
        </test-method> <!-- Login -->
        <test-method is-config="true" signature="tear_down()[pri:0, instance:com.test.automation.TestCases.Login_Page_Test_Cases@236e3f4e]" started-at="2019-10-24T06:17:01Z" name="tear_down" finished-at="2019-10-24T06:17:02Z" duration-ms="844" status="PASS">
          <reporter-output>
          </reporter-output>
        </test-method> <!-- tear_down -->
        <test-method is-config="true" signature="login(java.lang.String)[pri:0, instance:com.test.automation.TestCases.Login_Page_Test_Cases@236e3f4e]" started-at="2019-10-24T06:17:02Z" name="login" finished-at="2019-10-24T06:17:11Z" duration-ms="9289" status="PASS">
          <params>
            <param index="0">
              <value>
                <![CDATA[Chrome]]>
              </value>
            </param>
          </params>
          <reporter-output>
          </reporter-output>
        </test-method> <!-- login -->
        <test-method signature="Login(java.lang.String, java.lang.String, java.lang.String, java.lang.String, java.lang.String)[pri:0, instance:com.test.automation.TestCases.Login_Page_Test_Cases@236e3f4e]" started-at="2019-10-24T06:17:11Z" name="Login" data-provider="get_Excel_Data" finished-at="2019-10-24T06:17:12Z" duration-ms="423" status="PASS">
          <params>
            <param index="0">
              <value>
                <![CDATA[M07]]>
              </value>
            </param>
            <param index="1">
              <value>
                <![CDATA[]]>
              </value>
            </param>
            <param index="2">
              <value>
                <![CDATA[Test]]>
              </value>
            </param>
            <param index="3">
              <value>
                <![CDATA[]]>
              </value>
            </param>
            <param index="4">
              <value>
                <![CDATA[Please enter UserId]]>
              </value>
            </param>
          </params>
          <reporter-output>
          </reporter-output>
        </test-method> <!-- Login -->
        <test-method is-config="true" signature="tear_down()[pri:0, instance:com.test.automation.TestCases.Login_Page_Test_Cases@236e3f4e]" started-at="2019-10-24T06:17:12Z" name="tear_down" finished-at="2019-10-24T06:17:13Z" duration-ms="651" status="PASS">
          <reporter-output>
          </reporter-output>
        </test-method> <!-- tear_down -->
        <test-method is-config="true" signature="login(java.lang.String)[pri:0, instance:com.test.automation.TestCases.Login_Page_Test_Cases@236e3f4e]" started-at="2019-10-24T06:17:13Z" name="login" finished-at="2019-10-24T06:17:21Z" duration-ms="8553" status="PASS">
          <params>
            <param index="0">
              <value>
                <![CDATA[Chrome]]>
              </value>
            </param>
          </params>
          <reporter-output>
          </reporter-output>
        </test-method> <!-- login -->
        <test-method signature="Login(java.lang.String, java.lang.String, java.lang.String, java.lang.String, java.lang.String)[pri:0, instance:com.test.automation.TestCases.Login_Page_Test_Cases@236e3f4e]" started-at="2019-10-24T06:17:21Z" name="Login" data-provider="get_Excel_Data" finished-at="2019-10-24T06:17:22Z" duration-ms="562" status="PASS">
          <params>
            <param index="0">
              <value>
                <![CDATA[M08]]>
              </value>
            </param>
            <param index="1">
              <value>
                <![CDATA[]]>
              </value>
            </param>
            <param index="2">
              <value>
                <![CDATA[]]>
              </value>
            </param>
            <param index="3">
              <value>
                <![CDATA[]]>
              </value>
            </param>
            <param index="4">
              <value>
                <![CDATA[Please enter UserId]]>
              </value>
            </param>
          </params>
          <reporter-output>
          </reporter-output>
        </test-method> <!-- Login -->
        <test-method is-config="true" signature="tear_down()[pri:0, instance:com.test.automation.TestCases.Login_Page_Test_Cases@236e3f4e]" started-at="2019-10-24T06:17:22Z" name="tear_down" finished-at="2019-10-24T06:17:23Z" duration-ms="943" status="PASS">
          <reporter-output>
          </reporter-output>
        </test-method> <!-- tear_down -->
        <test-method is-config="true" signature="login(java.lang.String)[pri:0, instance:com.test.automation.TestCases.Login_Page_Test_Cases@236e3f4e]" started-at="2019-10-24T06:17:23Z" name="login" finished-at="2019-10-24T06:17:32Z" duration-ms="9041" status="PASS">
          <params>
            <param index="0">
              <value>
                <![CDATA[Chrome]]>
              </value>
            </param>
          </params>
          <reporter-output>
          </reporter-output>
        </test-method> <!-- login -->
        <test-method signature="Login(java.lang.String, java.lang.String, java.lang.String, java.lang.String, java.lang.String)[pri:0, instance:com.test.automation.TestCases.Login_Page_Test_Cases@236e3f4e]" started-at="2019-10-24T06:17:32Z" name="Login" data-provider="get_Excel_Data" finished-at="2019-10-24T06:17:38Z" duration-ms="5461" status="PASS">
          <params>
            <param index="0">
              <value>
                <![CDATA[B12]]>
              </value>
            </param>
            <param index="1">
              <value>
                <![CDATA[Admin]]>
              </value>
            </param>
            <param index="2">
              <value>
                <![CDATA[Test]]>
              </value>
            </param>
            <param index="3">
              <value>
                <![CDATA[//div[@class='warning']]]>
              </value>
            </param>
            <param index="4">
              <value>
                <![CDATA[Invalid password]]>
              </value>
            </param>
          </params>
          <reporter-output>
          </reporter-output>
        </test-method> <!-- Login -->
        <test-method is-config="true" signature="tear_down()[pri:0, instance:com.test.automation.TestCases.Login_Page_Test_Cases@236e3f4e]" started-at="2019-10-24T06:17:38Z" name="tear_down" finished-at="2019-10-24T06:17:39Z" duration-ms="1129" status="PASS">
          <reporter-output>
          </reporter-output>
        </test-method> <!-- tear_down -->
        <test-method is-config="true" signature="login(java.lang.String)[pri:0, instance:com.test.automation.TestCases.Login_Page_Test_Cases@236e3f4e]" started-at="2019-10-24T06:17:39Z" name="login" finished-at="2019-10-24T06:17:47Z" duration-ms="8189" status="PASS">
          <params>
            <param index="0">
              <value>
                <![CDATA[Chrome]]>
              </value>
            </param>
          </params>
          <reporter-output>
          </reporter-output>
        </test-method> <!-- login -->
        <test-method signature="Login(java.lang.String, java.lang.String, java.lang.String, java.lang.String, java.lang.String)[pri:0, instance:com.test.automation.TestCases.Login_Page_Test_Cases@236e3f4e]" started-at="2019-10-24T06:17:47Z" name="Login" data-provider="get_Excel_Data" finished-at="2019-10-24T06:17:53Z" duration-ms="5380" status="PASS">
          <params>
            <param index="0">
              <value>
                <![CDATA[z12]]>
              </value>
            </param>
            <param index="1">
              <value>
                <![CDATA[Test]]>
              </value>
            </param>
            <param index="2">
              <value>
                <![CDATA[welcomeds]]>
              </value>
            </param>
            <param index="3">
              <value>
                <![CDATA[//div[@class='warning']]]>
              </value>
            </param>
            <param index="4">
              <value>
                <![CDATA[User Invalid]]>
              </value>
            </param>
          </params>
          <reporter-output>
          </reporter-output>
        </test-method> <!-- Login -->
        <test-method is-config="true" signature="tear_down()[pri:0, instance:com.test.automation.TestCases.Login_Page_Test_Cases@236e3f4e]" started-at="2019-10-24T06:17:53Z" name="tear_down" finished-at="2019-10-24T06:17:54Z" duration-ms="644" status="PASS">
          <reporter-output>
          </reporter-output>
        </test-method> <!-- tear_down -->
        <test-method is-config="true" signature="login(java.lang.String)[pri:0, instance:com.test.automation.TestCases.Login_Page_Test_Cases@236e3f4e]" started-at="2019-10-24T06:17:54Z" name="login" finished-at="2019-10-24T06:18:02Z" duration-ms="7936" status="PASS">
          <params>
            <param index="0">
              <value>
                <![CDATA[Chrome]]>
              </value>
            </param>
          </params>
          <reporter-output>
          </reporter-output>
        </test-method> <!-- login -->
        <test-method signature="Login(java.lang.String, java.lang.String, java.lang.String, java.lang.String, java.lang.String)[pri:0, instance:com.test.automation.TestCases.Login_Page_Test_Cases@236e3f4e]" started-at="2019-10-24T06:18:02Z" name="Login" data-provider="get_Excel_Data" finished-at="2019-10-24T06:18:07Z" duration-ms="5430" status="PASS">
          <params>
            <param index="0">
              <value>
                <![CDATA[X01]]>
              </value>
            </param>
            <param index="1">
              <value>
                <![CDATA[Test]]>
              </value>
            </param>
            <param index="2">
              <value>
                <![CDATA[Testing]]>
              </value>
            </param>
            <param index="3">
              <value>
                <![CDATA[//div[@class='warning']]]>
              </value>
            </param>
            <param index="4">
              <value>
                <![CDATA[User Invalid]]>
              </value>
            </param>
          </params>
          <reporter-output>
          </reporter-output>
        </test-method> <!-- Login -->
        <test-method is-config="true" signature="tear_down()[pri:0, instance:com.test.automation.TestCases.Login_Page_Test_Cases@236e3f4e]" started-at="2019-10-24T06:18:07Z" name="tear_down" finished-at="2019-10-24T06:18:08Z" duration-ms="735" status="PASS">
          <reporter-output>
          </reporter-output>
        </test-method> <!-- tear_down -->
        <test-method is-config="true" signature="login(java.lang.String)[pri:0, instance:com.test.automation.TestCases.Login_Page_Test_Cases@236e3f4e]" started-at="2019-10-24T06:18:08Z" name="login" finished-at="2019-10-24T06:18:17Z" duration-ms="8593" status="PASS">
          <params>
            <param index="0">
              <value>
                <![CDATA[Chrome]]>
              </value>
            </param>
          </params>
          <reporter-output>
          </reporter-output>
        </test-method> <!-- login -->
        <test-method signature="Login(java.lang.String, java.lang.String, java.lang.String, java.lang.String, java.lang.String)[pri:0, instance:com.test.automation.TestCases.Login_Page_Test_Cases@236e3f4e]" started-at="2019-10-24T06:18:17Z" name="Login" data-provider="get_Excel_Data" finished-at="2019-10-24T06:18:17Z" duration-ms="480" status="PASS">
          <params>
            <param index="0">
              <value>
                <![CDATA[Select]]>
              </value>
            </param>
            <param index="1">
              <value>
                <![CDATA[]]>
              </value>
            </param>
            <param index="2">
              <value>
                <![CDATA[]]>
              </value>
            </param>
            <param index="3">
              <value>
                <![CDATA[]]>
              </value>
            </param>
            <param index="4">
              <value>
                <![CDATA[Please select a Shift!]]>
              </value>
            </param>
          </params>
          <reporter-output>
          </reporter-output>
        </test-method> <!-- Login -->
        <test-method is-config="true" signature="tear_down()[pri:0, instance:com.test.automation.TestCases.Login_Page_Test_Cases@236e3f4e]" started-at="2019-10-24T06:18:18Z" name="tear_down" finished-at="2019-10-24T06:18:19Z" duration-ms="1242" status="PASS">
          <reporter-output>
          </reporter-output>
        </test-method> <!-- tear_down -->
        <test-method is-config="true" signature="report_flush()[pri:0, instance:com.test.automation.TestCases.Login_Page_Test_Cases@236e3f4e]" started-at="2019-10-24T06:18:19Z" name="report_flush" finished-at="2019-10-24T06:18:20Z" duration-ms="1013" status="PASS">
          <reporter-output>
          </reporter-output>
        </test-method> <!-- report_flush -->
      </class> <!-- com.test.automation.TestCases.Login_Page_Test_Cases -->
    </test> <!-- ChromeBrowser_Test_Cases -->
    <test started-at="2019-10-24T06:16:28Z" name="Firefox_Test_Cases" finished-at="2019-10-24T06:19:13Z" duration-ms="164953">
      <class name="com.test.automation.TestCases.Login_Page_Test_Cases">
        <test-method is-config="true" signature="Extent_Report_Generation()[pri:0, instance:com.test.automation.TestCases.Login_Page_Test_Cases@2177849e]" started-at="2019-10-24T06:16:28Z" name="Extent_Report_Generation" finished-at="2019-10-24T06:16:28Z" duration-ms="158" status="PASS">
          <reporter-output>
          </reporter-output>
        </test-method> <!-- Extent_Report_Generation -->
        <test-method is-config="true" signature="login(java.lang.String)[pri:0, instance:com.test.automation.TestCases.Login_Page_Test_Cases@2177849e]" started-at="2019-10-24T06:16:29Z" name="login" finished-at="2019-10-24T06:16:45Z" duration-ms="16446" status="PASS">
          <params>
            <param index="0">
              <value>
                <![CDATA[Firefox]]>
              </value>
            </param>
          </params>
          <reporter-output>
          </reporter-output>
        </test-method> <!-- login -->
        <test-method signature="Login(java.lang.String, java.lang.String, java.lang.String, java.lang.String, java.lang.String)[pri:0, instance:com.test.automation.TestCases.Login_Page_Test_Cases@2177849e]" started-at="2019-10-24T06:16:45Z" name="Login" data-provider="get_Excel_Data" finished-at="2019-10-24T06:16:46Z" duration-ms="652" status="PASS">
          <params>
            <param index="0">
              <value>
                <![CDATA[B99]]>
              </value>
            </param>
            <param index="1">
              <value>
                <![CDATA[Admin]]>
              </value>
            </param>
            <param index="2">
              <value>
                <![CDATA[]]>
              </value>
            </param>
            <param index="3">
              <value>
                <![CDATA[]]>
              </value>
            </param>
            <param index="4">
              <value>
                <![CDATA[Please enter password]]>
              </value>
            </param>
          </params>
          <reporter-output>
          </reporter-output>
        </test-method> <!-- Login -->
        <test-method is-config="true" signature="tear_down()[pri:0, instance:com.test.automation.TestCases.Login_Page_Test_Cases@2177849e]" started-at="2019-10-24T06:16:46Z" name="tear_down" finished-at="2019-10-24T06:16:47Z" duration-ms="1416" status="PASS">
          <reporter-output>
          </reporter-output>
        </test-method> <!-- tear_down -->
        <test-method is-config="true" signature="login(java.lang.String)[pri:0, instance:com.test.automation.TestCases.Login_Page_Test_Cases@2177849e]" started-at="2019-10-24T06:16:47Z" name="login" finished-at="2019-10-24T06:17:02Z" duration-ms="14966" status="PASS">
          <params>
            <param index="0">
              <value>
                <![CDATA[Firefox]]>
              </value>
            </param>
          </params>
          <reporter-output>
          </reporter-output>
        </test-method> <!-- login -->
        <test-method signature="Login(java.lang.String, java.lang.String, java.lang.String, java.lang.String, java.lang.String)[pri:0, instance:com.test.automation.TestCases.Login_Page_Test_Cases@2177849e]" started-at="2019-10-24T06:17:02Z" name="Login" data-provider="get_Excel_Data" finished-at="2019-10-24T06:17:04Z" duration-ms="1273" status="PASS">
          <params>
            <param index="0">
              <value>
                <![CDATA[M17]]>
              </value>
            </param>
            <param index="1">
              <value>
                <![CDATA[Test]]>
              </value>
            </param>
            <param index="2">
              <value>
                <![CDATA[]]>
              </value>
            </param>
            <param index="3">
              <value>
                <![CDATA[]]>
              </value>
            </param>
            <param index="4">
              <value>
                <![CDATA[Please enter password]]>
              </value>
            </param>
          </params>
          <reporter-output>
          </reporter-output>
        </test-method> <!-- Login -->
        <test-method is-config="true" signature="tear_down()[pri:0, instance:com.test.automation.TestCases.Login_Page_Test_Cases@2177849e]" started-at="2019-10-24T06:17:04Z" name="tear_down" finished-at="2019-10-24T06:17:06Z" duration-ms="2593" status="PASS">
          <reporter-output>
          </reporter-output>
        </test-method> <!-- tear_down -->
        <test-method is-config="true" signature="login(java.lang.String)[pri:0, instance:com.test.automation.TestCases.Login_Page_Test_Cases@2177849e]" started-at="2019-10-24T06:17:06Z" name="login" finished-at="2019-10-24T06:17:19Z" duration-ms="12750" status="PASS">
          <params>
            <param index="0">
              <value>
                <![CDATA[Firefox]]>
              </value>
            </param>
          </params>
          <reporter-output>
          </reporter-output>
        </test-method> <!-- login -->
        <test-method signature="Login(java.lang.String, java.lang.String, java.lang.String, java.lang.String, java.lang.String)[pri:0, instance:com.test.automation.TestCases.Login_Page_Test_Cases@2177849e]" started-at="2019-10-24T06:17:19Z" name="Login" data-provider="get_Excel_Data" finished-at="2019-10-24T06:17:20Z" duration-ms="433" status="PASS">
          <params>
            <param index="0">
              <value>
                <![CDATA[M18]]>
              </value>
            </param>
            <param index="1">
              <value>
                <![CDATA[]]>
              </value>
            </param>
            <param index="2">
              <value>
                <![CDATA[welcomeds]]>
              </value>
            </param>
            <param index="3">
              <value>
                <![CDATA[]]>
              </value>
            </param>
            <param index="4">
              <value>
                <![CDATA[Please enter UserId]]>
              </value>
            </param>
          </params>
          <reporter-output>
          </reporter-output>
        </test-method> <!-- Login -->
        <test-method is-config="true" signature="tear_down()[pri:0, instance:com.test.automation.TestCases.Login_Page_Test_Cases@2177849e]" started-at="2019-10-24T06:17:20Z" name="tear_down" finished-at="2019-10-24T06:17:23Z" duration-ms="2843" status="PASS">
          <reporter-output>
          </reporter-output>
        </test-method> <!-- tear_down -->
        <test-method is-config="true" signature="login(java.lang.String)[pri:0, instance:com.test.automation.TestCases.Login_Page_Test_Cases@2177849e]" started-at="2019-10-24T06:17:23Z" name="login" finished-at="2019-10-24T06:17:37Z" duration-ms="14263" status="PASS">
          <params>
            <param index="0">
              <value>
                <![CDATA[Firefox]]>
              </value>
            </param>
          </params>
          <reporter-output>
          </reporter-output>
        </test-method> <!-- login -->
        <test-method signature="Login(java.lang.String, java.lang.String, java.lang.String, java.lang.String, java.lang.String)[pri:0, instance:com.test.automation.TestCases.Login_Page_Test_Cases@2177849e]" started-at="2019-10-24T06:17:37Z" name="Login" data-provider="get_Excel_Data" finished-at="2019-10-24T06:17:37Z" duration-ms="444" status="PASS">
          <params>
            <param index="0">
              <value>
                <![CDATA[M07]]>
              </value>
            </param>
            <param index="1">
              <value>
                <![CDATA[]]>
              </value>
            </param>
            <param index="2">
              <value>
                <![CDATA[Test]]>
              </value>
            </param>
            <param index="3">
              <value>
                <![CDATA[]]>
              </value>
            </param>
            <param index="4">
              <value>
                <![CDATA[Please enter UserId]]>
              </value>
            </param>
          </params>
          <reporter-output>
          </reporter-output>
        </test-method> <!-- Login -->
        <test-method is-config="true" signature="tear_down()[pri:0, instance:com.test.automation.TestCases.Login_Page_Test_Cases@2177849e]" started-at="2019-10-24T06:17:37Z" name="tear_down" finished-at="2019-10-24T06:17:39Z" duration-ms="1824" status="PASS">
          <reporter-output>
          </reporter-output>
        </test-method> <!-- tear_down -->
        <test-method is-config="true" signature="login(java.lang.String)[pri:0, instance:com.test.automation.TestCases.Login_Page_Test_Cases@2177849e]" started-at="2019-10-24T06:17:39Z" name="login" finished-at="2019-10-24T06:17:54Z" duration-ms="14575" status="PASS">
          <params>
            <param index="0">
              <value>
                <![CDATA[Firefox]]>
              </value>
            </param>
          </params>
          <reporter-output>
          </reporter-output>
        </test-method> <!-- login -->
        <test-method signature="Login(java.lang.String, java.lang.String, java.lang.String, java.lang.String, java.lang.String)[pri:0, instance:com.test.automation.TestCases.Login_Page_Test_Cases@2177849e]" started-at="2019-10-24T06:17:54Z" name="Login" data-provider="get_Excel_Data" finished-at="2019-10-24T06:17:54Z" duration-ms="425" status="PASS">
          <params>
            <param index="0">
              <value>
                <![CDATA[M08]]>
              </value>
            </param>
            <param index="1">
              <value>
                <![CDATA[]]>
              </value>
            </param>
            <param index="2">
              <value>
                <![CDATA[]]>
              </value>
            </param>
            <param index="3">
              <value>
                <![CDATA[]]>
              </value>
            </param>
            <param index="4">
              <value>
                <![CDATA[Please enter UserId]]>
              </value>
            </param>
          </params>
          <reporter-output>
          </reporter-output>
        </test-method> <!-- Login -->
        <test-method is-config="true" signature="tear_down()[pri:0, instance:com.test.automation.TestCases.Login_Page_Test_Cases@2177849e]" started-at="2019-10-24T06:17:54Z" name="tear_down" finished-at="2019-10-24T06:17:56Z" duration-ms="2048" status="PASS">
          <reporter-output>
          </reporter-output>
        </test-method> <!-- tear_down -->
        <test-method is-config="true" signature="login(java.lang.String)[pri:0, instance:com.test.automation.TestCases.Login_Page_Test_Cases@2177849e]" started-at="2019-10-24T06:17:56Z" name="login" finished-at="2019-10-24T06:18:09Z" duration-ms="12523" status="PASS">
          <params>
            <param index="0">
              <value>
                <![CDATA[Firefox]]>
              </value>
            </param>
          </params>
          <reporter-output>
          </reporter-output>
        </test-method> <!-- login -->
        <test-method signature="Login(java.lang.String, java.lang.String, java.lang.String, java.lang.String, java.lang.String)[pri:0, instance:com.test.automation.TestCases.Login_Page_Test_Cases@2177849e]" started-at="2019-10-24T06:18:09Z" name="Login" data-provider="get_Excel_Data" finished-at="2019-10-24T06:18:15Z" duration-ms="5647" status="PASS">
          <params>
            <param index="0">
              <value>
                <![CDATA[B12]]>
              </value>
            </param>
            <param index="1">
              <value>
                <![CDATA[Admin]]>
              </value>
            </param>
            <param index="2">
              <value>
                <![CDATA[Test]]>
              </value>
            </param>
            <param index="3">
              <value>
                <![CDATA[//div[@class='warning']]]>
              </value>
            </param>
            <param index="4">
              <value>
                <![CDATA[Invalid password]]>
              </value>
            </param>
          </params>
          <reporter-output>
          </reporter-output>
        </test-method> <!-- Login -->
        <test-method is-config="true" signature="tear_down()[pri:0, instance:com.test.automation.TestCases.Login_Page_Test_Cases@2177849e]" started-at="2019-10-24T06:18:15Z" name="tear_down" finished-at="2019-10-24T06:18:17Z" duration-ms="2234" status="PASS">
          <reporter-output>
          </reporter-output>
        </test-method> <!-- tear_down -->
        <test-method is-config="true" signature="login(java.lang.String)[pri:0, instance:com.test.automation.TestCases.Login_Page_Test_Cases@2177849e]" started-at="2019-10-24T06:18:17Z" name="login" finished-at="2019-10-24T06:18:30Z" duration-ms="13162" status="PASS">
          <params>
            <param index="0">
              <value>
                <![CDATA[Firefox]]>
              </value>
            </param>
          </params>
          <reporter-output>
          </reporter-output>
        </test-method> <!-- login -->
        <test-method signature="Login(java.lang.String, java.lang.String, java.lang.String, java.lang.String, java.lang.String)[pri:0, instance:com.test.automation.TestCases.Login_Page_Test_Cases@2177849e]" started-at="2019-10-24T06:18:30Z" name="Login" data-provider="get_Excel_Data" finished-at="2019-10-24T06:18:35Z" duration-ms="5448" status="PASS">
          <params>
            <param index="0">
              <value>
                <![CDATA[z12]]>
              </value>
            </param>
            <param index="1">
              <value>
                <![CDATA[Test]]>
              </value>
            </param>
            <param index="2">
              <value>
                <![CDATA[welcomeds]]>
              </value>
            </param>
            <param index="3">
              <value>
                <![CDATA[//div[@class='warning']]]>
              </value>
            </param>
            <param index="4">
              <value>
                <![CDATA[User Invalid]]>
              </value>
            </param>
          </params>
          <reporter-output>
          </reporter-output>
        </test-method> <!-- Login -->
        <test-method is-config="true" signature="tear_down()[pri:0, instance:com.test.automation.TestCases.Login_Page_Test_Cases@2177849e]" started-at="2019-10-24T06:18:36Z" name="tear_down" finished-at="2019-10-24T06:18:37Z" duration-ms="1476" status="PASS">
          <reporter-output>
          </reporter-output>
        </test-method> <!-- tear_down -->
        <test-method is-config="true" signature="login(java.lang.String)[pri:0, instance:com.test.automation.TestCases.Login_Page_Test_Cases@2177849e]" started-at="2019-10-24T06:18:37Z" name="login" finished-at="2019-10-24T06:18:50Z" duration-ms="13174" status="PASS">
          <params>
            <param index="0">
              <value>
                <![CDATA[Firefox]]>
              </value>
            </param>
          </params>
          <reporter-output>
          </reporter-output>
        </test-method> <!-- login -->
        <test-method signature="Login(java.lang.String, java.lang.String, java.lang.String, java.lang.String, java.lang.String)[pri:0, instance:com.test.automation.TestCases.Login_Page_Test_Cases@2177849e]" started-at="2019-10-24T06:18:50Z" name="Login" data-provider="get_Excel_Data" finished-at="2019-10-24T06:18:56Z" duration-ms="5547" status="PASS">
          <params>
            <param index="0">
              <value>
                <![CDATA[X01]]>
              </value>
            </param>
            <param index="1">
              <value>
                <![CDATA[Test]]>
              </value>
            </param>
            <param index="2">
              <value>
                <![CDATA[Testing]]>
              </value>
            </param>
            <param index="3">
              <value>
                <![CDATA[//div[@class='warning']]]>
              </value>
            </param>
            <param index="4">
              <value>
                <![CDATA[User Invalid]]>
              </value>
            </param>
          </params>
          <reporter-output>
          </reporter-output>
        </test-method> <!-- Login -->
        <test-method is-config="true" signature="tear_down()[pri:0, instance:com.test.automation.TestCases.Login_Page_Test_Cases@2177849e]" started-at="2019-10-24T06:18:56Z" name="tear_down" finished-at="2019-10-24T06:18:57Z" duration-ms="1458" status="PASS">
          <reporter-output>
          </reporter-output>
        </test-method> <!-- tear_down -->
        <test-method is-config="true" signature="login(java.lang.String)[pri:0, instance:com.test.automation.TestCases.Login_Page_Test_Cases@2177849e]" started-at="2019-10-24T06:18:57Z" name="login" finished-at="2019-10-24T06:19:11Z" duration-ms="13510" status="PASS">
          <params>
            <param index="0">
              <value>
                <![CDATA[Firefox]]>
              </value>
            </param>
          </params>
          <reporter-output>
          </reporter-output>
        </test-method> <!-- login -->
        <test-method signature="Login(java.lang.String, java.lang.String, java.lang.String, java.lang.String, java.lang.String)[pri:0, instance:com.test.automation.TestCases.Login_Page_Test_Cases@2177849e]" started-at="2019-10-24T06:19:11Z" name="Login" data-provider="get_Excel_Data" finished-at="2019-10-24T06:19:11Z" duration-ms="264" status="PASS">
          <params>
            <param index="0">
              <value>
                <![CDATA[Select]]>
              </value>
            </param>
            <param index="1">
              <value>
                <![CDATA[]]>
              </value>
            </param>
            <param index="2">
              <value>
                <![CDATA[]]>
              </value>
            </param>
            <param index="3">
              <value>
                <![CDATA[]]>
              </value>
            </param>
            <param index="4">
              <value>
                <![CDATA[Please select a Shift!]]>
              </value>
            </param>
          </params>
          <reporter-output>
          </reporter-output>
        </test-method> <!-- Login -->
        <test-method is-config="true" signature="tear_down()[pri:0, instance:com.test.automation.TestCases.Login_Page_Test_Cases@2177849e]" started-at="2019-10-24T06:19:11Z" name="tear_down" finished-at="2019-10-24T06:19:13Z" duration-ms="1442" status="PASS">
          <reporter-output>
          </reporter-output>
        </test-method> <!-- tear_down -->
        <test-method is-config="true" signature="report_flush()[pri:0, instance:com.test.automation.TestCases.Login_Page_Test_Cases@2177849e]" started-at="2019-10-24T06:19:13Z" name="report_flush" finished-at="2019-10-24T06:19:13Z" duration-ms="124" status="PASS">
          <reporter-output>
          </reporter-output>
        </test-method> <!-- report_flush -->
      </class> <!-- com.test.automation.TestCases.Login_Page_Test_Cases -->
    </test> <!-- Firefox_Test_Cases -->
  </suite> <!-- Suite -->
</testng-results>
